Release 14.7 - xst P.20131013 (lin64)
Copyright (c) 1995-2013 Xilinx, Inc.  All rights reserved.
--> 
Parameter TMPDIR set to xst/projnav.tmp


Total REAL time to Xst completion: 0.00 secs
Total CPU time to Xst completion: 0.05 secs
 
--> 
Parameter xsthdpdir set to xst


Total REAL time to Xst completion: 0.00 secs
Total CPU time to Xst completion: 0.05 secs
 
--> 
Reading design: quickstart.prj

TABLE OF CONTENTS
  1) Synthesis Options Summary
  2) HDL Compilation
  3) Design Hierarchy Analysis
  4) HDL Analysis
  5) HDL Synthesis
     5.1) HDL Synthesis Report
  6) Advanced HDL Synthesis
     6.1) Advanced HDL Synthesis Report
  7) Low Level Synthesis
  8) Partition Report
  9) Final Report
	9.1) Device utilization summary
	9.2) Partition Resource Summary
	9.3) TIMING REPORT


=========================================================================
*                      Synthesis Options Summary                        *
=========================================================================
---- Source Parameters
Input File Name                    : "quickstart.prj"
Input Format                       : mixed
Ignore Synthesis Constraint File   : NO

---- Target Parameters
Output File Name                   : "quickstart"
Output Format                      : NGC
Target Device                      : xc3s500e-4-vq100

---- Source Options
Top Module Name                    : quickstart
Automatic FSM Extraction           : YES
FSM Encoding Algorithm             : Auto
Safe Implementation                : No
FSM Style                          : LUT
RAM Extraction                     : Yes
RAM Style                          : Auto
ROM Extraction                     : Yes
Mux Style                          : Auto
Decoder Extraction                 : YES
Priority Encoder Extraction        : Yes
Shift Register Extraction          : YES
Logical Shifter Extraction         : YES
XOR Collapsing                     : YES
ROM Style                          : Auto
Mux Extraction                     : Yes
Resource Sharing                   : YES
Asynchronous To Synchronous        : NO
Multiplier Style                   : Auto
Automatic Register Balancing       : No

---- Target Options
Add IO Buffers                     : YES
Global Maximum Fanout              : 100000
Add Generic Clock Buffer(BUFG)     : 24
Register Duplication               : YES
Slice Packing                      : YES
Optimize Instantiated Primitives   : NO
Use Clock Enable                   : Yes
Use Synchronous Set                : Yes
Use Synchronous Reset              : Yes
Pack IO Registers into IOBs        : Auto
Equivalent register Removal        : YES

---- General Options
Optimization Goal                  : Speed
Optimization Effort                : 1
Keep Hierarchy                     : No
Netlist Hierarchy                  : As_Optimized
RTL Output                         : Yes
Global Optimization                : AllClockNets
Read Cores                         : YES
Write Timing Constraints           : NO
Cross Clock Analysis               : NO
Hierarchy Separator                : /
Bus Delimiter                      : <>
Case Specifier                     : Maintain
Slice Utilization Ratio            : 100
BRAM Utilization Ratio             : 100
Verilog 2001                       : YES
Auto BRAM Packing                  : NO
Slice Utilization Ratio Delta      : 5

=========================================================================


=========================================================================
*                          HDL Compilation                              *
=========================================================================
Compiling vhdl file "/home/thiago/FPGA/quickstart/quickstart.vhd" in Library work.
Entity <quickstart> compiled.
Entity <quickstart> (Architecture <behavioral>) compiled.

=========================================================================
*                     Design Hierarchy Analysis                         *
=========================================================================
Analyzing hierarchy for entity <quickstart> in library <work> (architecture <behavioral>).


=========================================================================
*                            HDL Analysis                               *
=========================================================================
Analyzing Entity <quickstart> in library <work> (Architecture <behavioral>).
Entity <quickstart> analyzed. Unit <quickstart> generated.


=========================================================================
*                           HDL Synthesis                               *
=========================================================================

Performing bidirectional port resolution...

Synthesizing Unit <quickstart>.
    Related source file is "/home/thiago/FPGA/quickstart/quickstart.vhd".
    Found 48-bit up counter for signal <counter>.
    Summary:
	inferred   1 Counter(s).
Unit <quickstart> synthesized.


=========================================================================
HDL Synthesis Report

Macro Statistics
# Counters                                             : 1
 48-bit up counter                                     : 1

=========================================================================

=========================================================================
*                       Advanced HDL Synthesis                          *
=========================================================================


=========================================================================
Advanced HDL Synthesis Report

Macro Statistics
# Counters                                             : 1
 48-bit up counter                                     : 1

=========================================================================

=========================================================================
*                         Low Level Synthesis                           *
=========================================================================
WARNING:Xst:2677 - Node <counter_36> of sequential type is unconnected in block <quickstart>.
WARNING:Xst:2677 - Node <counter_37> of sequential type is unconnected in block <quickstart>.
WARNING:Xst:2677 - Node <counter_38> of sequential type is unconnected in block <quickstart>.
WARNING:Xst:2677 - Node <counter_39> of sequential type is unconnected in block <quickstart>.
WARNING:Xst:2677 - Node <counter_40> of sequential type is unconnected in block <quickstart>.
WARNING:Xst:2677 - Node <counter_41> of sequential type is unconnected in block <quickstart>.
WARNING:Xst:2677 - Node <counter_42> of sequential type is unconnected in block <quickstart>.
WARNING:Xst:2677 - Node <counter_43> of sequential type is unconnected in block <quickstart>.
WARNING:Xst:2677 - Node <counter_44> of sequential type is unconnected in block <quickstart>.
WARNING:Xst:2677 - Node <counter_45> of sequential type is unconnected in block <quickstart>.
WARNING:Xst:2677 - Node <counter_46> of sequential type is unconnected in block <quickstart>.
WARNING:Xst:2677 - Node <counter_47> of sequential type is unconnected in block <quickstart>.

Optimizing unit <quickstart> ...

Mapping all equations...
Building and optimizing final netlist ...
Found area constraint ratio of 100 (+ 5) on block quickstart, actual ratio is 0.

Final Macro Processing ...

=========================================================================
Final Register Report

Macro Statistics
# Registers                                            : 36
 Flip-Flops                                            : 36

=========================================================================

=========================================================================
*                           Partition Report                            *
=========================================================================

Partition Implementation Status
-------------------------------

  No Partitions were found in this design.

-------------------------------

=========================================================================
*                            Final Report                               *
=========================================================================
Final Results
RTL Top Level Output File Name     : quickstart.ngr
Top Level Output File Name         : quickstart
Output Format                      : NGC
Optimization Goal                  : Speed
Keep Hierarchy                     : No

Design Statistics
# IOs                              : 49

Cell Usage :
# BELS                             : 109
#      GND                         : 1
#      INV                         : 1
#      LUT1                        : 35
#      MUXCY                       : 35
#      VCC                         : 1
#      XORCY                       : 36
# FlipFlops/Latches                : 36
#      FD                          : 36
# Clock Buffers                    : 1
#      BUFGP                       : 1
# IO Buffers                       : 48
#      IBUF                        : 1
#      OBUF                        : 47
=========================================================================

Device utilization summary:
---------------------------

Selected Device : 3s500evq100-4 

 Number of Slices:                       19  out of   4656     0%  
 Number of Slice Flip Flops:             36  out of   9312     0%  
 Number of 4 input LUTs:                 36  out of   9312     0%  
 Number of IOs:                          49
 Number of bonded IOBs:                  49  out of     66    74%  
 Number of GCLKs:                         1  out of     24     4%  

---------------------------
Partition Resource Summary:
---------------------------

  No Partitions were found in this design.

---------------------------


=========================================================================
TIMING REPORT

NOTE: THESE TIMING NUMBERS ARE ONLY A SYNTHESIS ESTIMATE.
      FOR ACCURATE TIMING INFORMATION PLEASE REFER TO THE TRACE REPORT
      GENERATED AFTER PLACE-and-ROUTE.

Clock Information:
------------------
-----------------------------------+------------------------+-------+
Clock Signal                       | Clock buffer(FF name)  | Load  |
-----------------------------------+------------------------+-------+
clk                                | BUFGP                  | 36    |
-----------------------------------+------------------------+-------+

Asynchronous Control Signals Information:
----------------------------------------
No asynchronous control signals found in this design

Timing Summary:
---------------
Speed Grade: -4

   Minimum period: 5.413ns (Maximum Frequency: 184.740MHz)
   Minimum input arrival time before clock: No path found
   Maximum output required time after clock: 4.394ns
   Maximum combinational path delay: 4.910ns

Timing Detail:
--------------
All values displayed in nanoseconds (ns)

=========================================================================
Timing constraint: Default period analysis for Clock 'clk'
  Clock period: 5.413ns (frequency: 184.740MHz)
  Total number of paths / destination ports: 666 / 36
-------------------------------------------------------------------------
Delay:               5.413ns (Levels of Logic = 36)
  Source:            counter_1 (FF)
  Destination:       counter_35 (FF)
  Source Clock:      clk rising
  Destination Clock: clk rising

  Data Path: counter_1 to counter_35
                                Gate     Net
    Cell:in->out      fanout   Delay   Delay  Logical Name (Net Name)
    ----------------------------------------  ------------
     FD:C->Q               1   0.591   0.595  counter_1 (counter_1)
     LUT1:I0->O            1   0.704   0.000  Mcount_counter_cy<1>_rt (Mcount_counter_cy<1>_rt)
     MUXCY:S->O            1   0.464   0.000  Mcount_counter_cy<1> (Mcount_counter_cy<1>)
     MUXCY:CI->O           1   0.059   0.000  Mcount_counter_cy<2> (Mcount_counter_cy<2>)
     MUXCY:CI->O           1   0.059   0.000  Mcount_counter_cy<3> (Mcount_counter_cy<3>)
     MUXCY:CI->O           1   0.059   0.000  Mcount_counter_cy<4> (Mcount_counter_cy<4>)
     MUXCY:CI->O           1   0.059   0.000  Mcount_counter_cy<5> (Mcount_counter_cy<5>)
     MUXCY:CI->O           1   0.059   0.000  Mcount_counter_cy<6> (Mcount_counter_cy<6>)
     MUXCY:CI->O           1   0.059   0.000  Mcount_counter_cy<7> (Mcount_counter_cy<7>)
     MUXCY:CI->O           1   0.059   0.000  Mcount_counter_cy<8> (Mcount_counter_cy<8>)
     MUXCY:CI->O           1   0.059   0.000  Mcount_counter_cy<9> (Mcount_counter_cy<9>)
     MUXCY:CI->O           1   0.059   0.000  Mcount_counter_cy<10> (Mcount_counter_cy<10>)
     MUXCY:CI->O           1   0.059   0.000  Mcount_counter_cy<11> (Mcount_counter_cy<11>)
     MUXCY:CI->O           1   0.059   0.000  Mcount_counter_cy<12> (Mcount_counter_cy<12>)
     MUXCY:CI->O           1   0.059   0.000  Mcount_counter_cy<13> (Mcount_counter_cy<13>)
     MUXCY:CI->O           1   0.059   0.000  Mcount_counter_cy<14> (Mcount_counter_cy<14>)
     MUXCY:CI->O           1   0.059   0.000  Mcount_counter_cy<15> (Mcount_counter_cy<15>)
     MUXCY:CI->O           1   0.059   0.000  Mcount_counter_cy<16> (Mcount_counter_cy<16>)
     MUXCY:CI->O           1   0.059   0.000  Mcount_counter_cy<17> (Mcount_counter_cy<17>)
     MUXCY:CI->O           1   0.059   0.000  Mcount_counter_cy<18> (Mcount_counter_cy<18>)
     MUXCY:CI->O           1   0.059   0.000  Mcount_counter_cy<19> (Mcount_counter_cy<19>)
     MUXCY:CI->O           1   0.059   0.000  Mcount_counter_cy<20> (Mcount_counter_cy<20>)
     MUXCY:CI->O           1   0.059   0.000  Mcount_counter_cy<21> (Mcount_counter_cy<21>)
     MUXCY:CI->O           1   0.059   0.000  Mcount_counter_cy<22> (Mcount_counter_cy<22>)
     MUXCY:CI->O           1   0.059   0.000  Mcount_counter_cy<23> (Mcount_counter_cy<23>)
     MUXCY:CI->O           1   0.059   0.000  Mcount_counter_cy<24> (Mcount_counter_cy<24>)
     MUXCY:CI->O           1   0.059   0.000  Mcount_counter_cy<25> (Mcount_counter_cy<25>)
     MUXCY:CI->O           1   0.059   0.000  Mcount_counter_cy<26> (Mcount_counter_cy<26>)
     MUXCY:CI->O           1   0.059   0.000  Mcount_counter_cy<27> (Mcount_counter_cy<27>)
     MUXCY:CI->O           1   0.059   0.000  Mcount_counter_cy<28> (Mcount_counter_cy<28>)
     MUXCY:CI->O           1   0.059   0.000  Mcount_counter_cy<29> (Mcount_counter_cy<29>)
     MUXCY:CI->O           1   0.059   0.000  Mcount_counter_cy<30> (Mcount_counter_cy<30>)
     MUXCY:CI->O           1   0.059   0.000  Mcount_counter_cy<31> (Mcount_counter_cy<31>)
     MUXCY:CI->O           1   0.059   0.000  Mcount_counter_cy<32> (Mcount_counter_cy<32>)
     MUXCY:CI->O           1   0.059   0.000  Mcount_counter_cy<33> (Mcount_counter_cy<33>)
     MUXCY:CI->O           0   0.059   0.000  Mcount_counter_cy<34> (Mcount_counter_cy<34>)
     XORCY:CI->O           1   0.804   0.000  Mcount_counter_xor<35> (Result<35>)
     FD:D                      0.308          counter_35
    ----------------------------------------
    Total                      5.413ns (4.818ns logic, 0.595ns route)
                                       (89.0% logic, 11.0% route)

=========================================================================
Timing constraint: Default OFFSET OUT AFTER for Clock 'clk'
  Total number of paths / destination ports: 32 / 32
-------------------------------------------------------------------------
Offset:              4.394ns (Levels of Logic = 1)
  Source:            counter_31 (FF)
  Destination:       A<11> (PAD)
  Source Clock:      clk rising

  Data Path: counter_31 to A<11>
                                Gate     Net
    Cell:in->out      fanout   Delay   Delay  Logical Name (Net Name)
    ----------------------------------------  ------------
     FD:C->Q               3   0.591   0.531  counter_31 (counter_31)
     OBUF:I->O                 3.272          A_11_OBUF (A<11>)
    ----------------------------------------
    Total                      4.394ns (3.863ns logic, 0.531ns route)
                                       (87.9% logic, 12.1% route)

=========================================================================
Timing constraint: Default path analysis
  Total number of paths / destination ports: 1 / 1
-------------------------------------------------------------------------
Delay:               4.910ns (Levels of Logic = 2)
  Source:            D (PAD)
  Destination:       E (PAD)

  Data Path: D to E
                                Gate     Net
    Cell:in->out      fanout   Delay   Delay  Logical Name (Net Name)
    ----------------------------------------  ------------
     IBUF:I->O             1   1.218   0.420  D_IBUF (E_OBUF)
     OBUF:I->O                 3.272          E_OBUF (E)
    ----------------------------------------
    Total                      4.910ns (4.490ns logic, 0.420ns route)
                                       (91.4% logic, 8.6% route)

=========================================================================


Total REAL time to Xst completion: 3.00 secs
Total CPU time to Xst completion: 3.42 secs
 
--> 


Total memory usage is 510184 kilobytes

Number of errors   :    0 (   0 filtered)
Number of warnings :   12 (   0 filtered)
Number of infos    :    0 (   0 filtered)

